<?xml version='1.0' encoding='UTF-8'?>
<result plugin="junit@1.9">
  <suites>
    <suite>
      <file>/home/mjhoffm2/.jenkins/jobs/testjob/workspace/trunk/target/surefire-reports/TEST-pkg.SequenceUtilTest.xml</file>
      <name>pkg.SequenceUtilTest</name>
      <duration>0.0</duration>
      <cases>
        <case>
          <duration>0.0</duration>
          <className>pkg.SequenceUtilTest</className>
          <testName>failtest</testName>
          <skipped>false</skipped>
          <failedSince>0</failedSince>
        </case>
        <case>
          <duration>0.0</duration>
          <className>pkg.SequenceUtilTest</className>
          <testName>testRemove1</testName>
          <skipped>false</skipped>
          <failedSince>0</failedSince>
        </case>
        <case>
          <duration>0.0</duration>
          <className>pkg.SequenceUtilTest</className>
          <testName>testRemove2</testName>
          <skipped>false</skipped>
          <failedSince>0</failedSince>
        </case>
        <case>
          <duration>0.0</duration>
          <className>pkg.SequenceUtilTest</className>
          <testName>testRemove3</testName>
          <skipped>false</skipped>
          <failedSince>0</failedSince>
        </case>
        <case>
          <duration>0.0</duration>
          <className>pkg.SequenceUtilTest</className>
          <testName>testInsert1</testName>
          <skipped>false</skipped>
          <failedSince>0</failedSince>
        </case>
        <case>
          <duration>0.0</duration>
          <className>pkg.SequenceUtilTest</className>
          <testName>testInsert2</testName>
          <skipped>false</skipped>
          <failedSince>0</failedSince>
        </case>
        <case>
          <duration>0.0</duration>
          <className>pkg.SequenceUtilTest</className>
          <testName>testInsert3</testName>
          <skipped>false</skipped>
          <failedSince>0</failedSince>
        </case>
        <case>
          <duration>0.0</duration>
          <className>pkg.SequenceUtilTest</className>
          <testName>testInsert4</testName>
          <skipped>false</skipped>
          <failedSince>0</failedSince>
        </case>
        <case>
          <duration>0.0</duration>
          <className>pkg.SequenceUtilTest</className>
          <testName>testInsert5</testName>
          <skipped>false</skipped>
          <failedSince>0</failedSince>
        </case>
        <case>
          <duration>0.0</duration>
          <className>pkg.SequenceUtilTest</className>
          <testName>testSanity</testName>
          <skipped>false</skipped>
          <failedSince>0</failedSince>
        </case>
        <case>
          <duration>0.0</duration>
          <className>pkg.SequenceUtilTest</className>
          <testName>testIntersect1</testName>
          <skipped>false</skipped>
          <failedSince>0</failedSince>
        </case>
        <case>
          <duration>0.0</duration>
          <className>pkg.SequenceUtilTest</className>
          <testName>testIntersect2</testName>
          <skipped>false</skipped>
          <failedSince>0</failedSince>
        </case>
      </cases>
    </suite>
  </suites>
  <duration>0.0</duration>
  <keepLongStdio>false</keepLongStdio>
</result>